<?xml version="1.0" encoding="UTF-8"?>
<!-- Generated by org.testng.reporters.JUnitReportReporter -->
<testsuite hostname="DESKTOP-HGOMU4C" failures="0" tests="4" name="com.testng.practice.Practice_04" time="0.009" errors="0" timestamp="2022-12-14T15:28:56 IST" skipped="0">
  <testcase classname="com.testng.practice.Practice_04" name="Test04__02" time="0.002"/>
  <system-out/>
  <testcase classname="com.testng.practice.Practice_04" name="Test04__01" time="0.003"/>
  <system-out/>
  <testcase classname="com.testng.practice.Practice_04" name="Test04__04" time="0.002"/>
  <system-out/>
  <testcase classname="com.testng.practice.Practice_04" name="Test04__03" time="0.002"/>
  <system-out/>
</testsuite> <!-- com.testng.practice.Practice_04 -->
