<?xml version="1.0" encoding="UTF-8"?>
<!-- Generated by org.testng.reporters.JUnitReportReporter -->
<testsuite hostname="DESKTOP-HGOMU4C" failures="0" tests="4" name="com.testng.practice.Practice_02" time="0.019" errors="0" timestamp="2022-12-14T15:28:56 IST" skipped="0">
  <testcase classname="com.testng.practice.Practice_02" name="Test02__01" time="0.006"/>
  <system-out/>
  <testcase classname="com.testng.practice.Practice_02" name="Test02__02" time="0.005"/>
  <system-out/>
  <testcase classname="com.testng.practice.Practice_02" name="Test02__03" time="0.006"/>
  <system-out/>
  <testcase classname="com.testng.practice.Practice_02" name="Test02__04" time="0.002"/>
  <system-out/>
</testsuite> <!-- com.testng.practice.Practice_02 -->
