<?xml version="1.0" encoding="UTF-8"?>
<!-- Generated by org.testng.reporters.JUnitReportReporter -->
<testsuite hostname="DESKTOP-HGOMU4C" failures="0" tests="4" name="com.testng.practice.Practice_01" time="0.037" errors="0" timestamp="2022-12-14T15:28:56 IST" skipped="0">
  <testcase classname="com.testng.practice.Practice_01" name="Test01__02" time="0.004"/>
  <system-out/>
  <testcase classname="com.testng.practice.Practice_01" name="Test01__04" time="0.003"/>
  <system-out/>
  <testcase classname="com.testng.practice.Practice_01" name="Test01__01" time="0.026"/>
  <system-out/>
  <testcase classname="com.testng.practice.Practice_01" name="Test01__03" time="0.004"/>
  <system-out/>
</testsuite> <!-- com.testng.practice.Practice_01 -->
